<?xml version="1.0" encoding="UTF-8"?>
<testsuite xmlns:xsi="http://www.w3.org/2001/XMLSchema-instance" xsi:noNamespaceSchemaLocation="https://maven.apache.org/surefire/maven-surefire-plugin/xsd/surefire-test-report.xsd" version="3.0.2" name="com.application.bookstore.repository.AppUserRepositoryTest" time="4.244" tests="2" errors="0" skipped="0" failures="0">
  <properties>
[...]
</properties>
  <testcase name="context_loads" classname="com.application.bookstore.repository.AppUserRepositoryTest" time="0.455">
    <system-out><![CDATA[16:24:21.276 [main] INFO org.springframework.test.context.support.AnnotationConfigContextLoaderUtils -- Could not detect default configuration classes for test class [com.application.bookstore.repository.AppUserRepositoryTest]: AppUserRepositoryTest does not declare any static, non-private, non-final, nested classes annotated with @Configuration.
16:24:21.435 [main] INFO org.springframework.boot.test.context.SpringBootTestContextBootstrapper -- Found @SpringBootConfiguration com.application.bookstore.BookstoreApplication for test class com.application.bookstore.repository.AppUserRepositoryTest
2025-12-18T16:24:21.872+05:30  INFO 96761 --- [           main] c.a.b.repository.AppUserRepositoryTest   : Starting AppUserRepositoryTest using Java 21.0.9 with PID 96761 (started by dewruwan in /Users/dewruwan/Downloads/Final Project/bookstore)
2025-12-18T16:24:21.874+05:30  INFO 96761 --- [           main] c.a.b.repository.AppUserRepositoryTest   : No active profile set, falling back to 1 default profile: "default"
2025-12-18T16:24:22.259+05:30  INFO 96761 --- [           main] .s.d.r.c.RepositoryConfigurationDelegate : Bootstrapping Spring Data JPA repositories in DEFAULT mode.
2025-12-18T16:24:22.339+05:30  INFO 96761 --- [           main] .s.d.r.c.RepositoryConfigurationDelegate : Finished Spring Data repository scanning in 70 ms. Found 5 JPA repository interfaces.
2025-12-18T16:24:22.407+05:30  INFO 96761 --- [           main] beddedDataSourceBeanFactoryPostProcessor : Replacing 'dataSource' DataSource bean with embedded version
2025-12-18T16:24:22.490+05:30  INFO 96761 --- [           main] o.s.j.d.e.EmbeddedDatabaseFactory        : Starting embedded database: url='jdbc:h2:mem:06b1b2b3-e6f1-4795-8dc1-5df2a3d17d69;DB_CLOSE_DELAY=-1;DB_CLOSE_ON_EXIT=false', username='sa'
2025-12-18T16:24:22.871+05:30  INFO 96761 --- [           main] o.hibernate.jpa.internal.util.LogHelper  : HHH000204: Processing PersistenceUnitInfo [name: default]
2025-12-18T16:24:22.924+05:30  INFO 96761 --- [           main] org.hibernate.Version                    : HHH000412: Hibernate ORM core version 6.6.36.Final
2025-12-18T16:24:22.961+05:30  INFO 96761 --- [           main] o.h.c.internal.RegionFactoryInitiator    : HHH000026: Second-level cache disabled
2025-12-18T16:24:23.265+05:30  INFO 96761 --- [           main] o.s.o.j.p.SpringPersistenceUnitInfo      : No LoadTimeWeaver setup: ignoring JPA class transformer
2025-12-18T16:24:23.327+05:30  WARN 96761 --- [           main] org.hibernate.orm.deprecation            : HHH90000025: H2Dialect does not need to be specified explicitly using 'hibernate.dialect' (remove the property setting and it will be selected by default)
2025-12-18T16:24:23.351+05:30  INFO 96761 --- [           main] org.hibernate.orm.connections.pooling    : HHH10001005: Database info:
	Database JDBC URL [Connecting through datasource 'org.springframework.jdbc.datasource.embedded.EmbeddedDatabaseFactory$EmbeddedDataSourceProxy@7569efdd']
	Database driver: undefined/unknown
	Database version: 2.3.232
	Autocommit mode: undefined/unknown
	Isolation level: undefined/unknown
	Minimum pool size: undefined/unknown
	Maximum pool size: undefined/unknown
2025-12-18T16:24:24.361+05:30  INFO 96761 --- [           main] o.h.e.t.j.p.i.JtaPlatformInitiator       : HHH000489: No JTA platform available (set 'hibernate.transaction.jta.platform' to enable JTA platform integration)
Hibernate: drop table if exists authors cascade 
Hibernate: drop table if exists book_author cascade 
Hibernate: drop table if exists books cascade 
Hibernate: drop table if exists customers cascade 
Hibernate: drop table if exists purchased_books cascade 
Hibernate: drop table if exists users cascade 
Hibernate: create table authors (id integer generated by default as identity, first_name varchar(20) not null, last_name varchar(20) not null, nationality varchar(20) not null, email varchar(40) not null, primary key (id))
Hibernate: create table book_author (author_id integer not null, book_id integer not null)
Hibernate: create table books (id integer generated by default as identity, price float(53) not null, stock integer not null, title varchar(40) not null, genre varchar(255) not null, primary key (id))
Hibernate: create table customers (id integer generated by default as identity, first_name varchar(20) not null, last_name varchar(20) not null, phone_number varchar(20) not null, email varchar(30) not null, address varchar(50) not null, primary key (id))
Hibernate: create table purchased_books (book_id integer, customer_id integer, id integer generated by default as identity, purchase_date date, primary key (id))
Hibernate: create table users (id integer generated by default as identity, username varchar(20) not null unique, roles varchar(40) not null, password varchar(100) not null, primary key (id))
Hibernate: alter table if exists book_author add constraint FKro54jqpth9cqm1899dnuu9lqg foreign key (author_id) references authors
Hibernate: alter table if exists book_author add constraint FK91ierknt446aaqnjl4uxjyls3 foreign key (book_id) references books
Hibernate: alter table if exists purchased_books add constraint FKs93dto06b8f72841nc93qawfg foreign key (book_id) references books
Hibernate: alter table if exists purchased_books add constraint FK8hik69ehrlrepmd7t4q6ojmq9 foreign key (customer_id) references customers
2025-12-18T16:24:24.418+05:30  INFO 96761 --- [           main] j.LocalContainerEntityManagerFactoryBean : Initialized JPA EntityManagerFactory for persistence unit 'default'
2025-12-18T16:24:24.764+05:30  INFO 96761 --- [           main] c.a.b.repository.AppUserRepositoryTest   : Started AppUserRepositoryTest in 3.249 seconds (process running for 4.368)
Hibernate: insert into users (password,roles,username,id) values (?,?,?,default)
Hibernate: insert into users (password,roles,username,id) values (?,?,?,default)
]]></system-out>
    <system-err><![CDATA[Mockito is currently self-attaching to enable the inline-mock-maker. This will no longer work in future releases of the JDK. Please add Mockito as an agent to your build as described in Mockito's documentation: https://javadoc.io/doc/org.mockito/mockito-core/latest/org.mockito/org/mockito/Mockito.html#0.3
WARNING: A Java agent has been loaded dynamically (/Users/dewruwan/.m2/repository/net/bytebuddy/byte-buddy-agent/1.17.8/byte-buddy-agent-1.17.8.jar)
WARNING: If a serviceability tool is in use, please run with -XX:+EnableDynamicAgentLoading to hide this warning
WARNING: If a serviceability tool is not in use, please run with -Djdk.instrument.traceUsage for more information
WARNING: Dynamic loading of agents will be disallowed by default in a future release
]]></system-err>
  </testcase>
  <testcase name="should_return_all_users" classname="com.application.bookstore.repository.AppUserRepositoryTest" time="0.123">
    <system-out><![CDATA[Hibernate: insert into users (password,roles,username,id) values (?,?,?,default)
Hibernate: insert into users (password,roles,username,id) values (?,?,?,default)
Hibernate: select au1_0.id,au1_0.password,au1_0.roles,au1_0.username from users au1_0
]]></system-out>
  </testcase>
</testsuite>