<?xml version="1.0" encoding="UTF-8"?>
<testsuite xmlns:xsi="http://www.w3.org/2001/XMLSchema-instance" xsi:noNamespaceSchemaLocation="https://maven.apache.org/surefire/maven-surefire-plugin/xsd/surefire-test-report.xsd" version="3.0.2" name="com.application.bookstore.controller.CustomerControllerIntegrationTest" time="2.116" tests="1" errors="0" skipped="0" failures="0">
  <properties>
[...]
</properties>
  <testcase name="should_create_new_customer" classname="com.application.bookstore.controller.CustomerControllerIntegrationTest" time="0.204">
    <system-out><![CDATA[2025-12-18T16:24:28.711+05:30  INFO 96761 --- [           main] t.c.s.AnnotationConfigContextLoaderUtils : Could not detect default configuration classes for test class [com.application.bookstore.controller.CustomerControllerIntegrationTest]: CustomerControllerIntegrationTest does not declare any static, non-private, non-final, nested classes annotated with @Configuration.
2025-12-18T16:24:28.713+05:30  INFO 96761 --- [           main] .b.t.c.SpringBootTestContextBootstrapper : Found @SpringBootConfiguration com.application.bookstore.BookstoreApplication for test class com.application.bookstore.controller.CustomerControllerIntegrationTest
2025-12-18T16:24:28.735+05:30  INFO 96761 --- [           main] .a.b.c.CustomerControllerIntegrationTest : Starting CustomerControllerIntegrationTest using Java 21.0.9 with PID 96761 (started by dewruwan in /Users/dewruwan/Downloads/Final Project/bookstore)
2025-12-18T16:24:28.735+05:30  INFO 96761 --- [           main] .a.b.c.CustomerControllerIntegrationTest : No active profile set, falling back to 1 default profile: "default"
2025-12-18T16:24:29.056+05:30  INFO 96761 --- [           main] .s.d.r.c.RepositoryConfigurationDelegate : Bootstrapping Spring Data JPA repositories in DEFAULT mode.
2025-12-18T16:24:29.066+05:30  INFO 96761 --- [           main] .s.d.r.c.RepositoryConfigurationDelegate : Finished Spring Data repository scanning in 8 ms. Found 5 JPA repository interfaces.
2025-12-18T16:24:29.549+05:30  INFO 96761 --- [           main] o.s.b.w.embedded.tomcat.TomcatWebServer  : Tomcat initialized with port 0 (http)
2025-12-18T16:24:29.565+05:30  INFO 96761 --- [           main] o.apache.catalina.core.StandardService   : Starting service [Tomcat]
2025-12-18T16:24:29.565+05:30  INFO 96761 --- [           main] o.apache.catalina.core.StandardEngine    : Starting Servlet engine: [Apache Tomcat/10.1.49]
2025-12-18T16:24:29.612+05:30  INFO 96761 --- [           main] o.a.c.c.C.[Tomcat].[localhost].[/]       : Initializing Spring embedded WebApplicationContext
2025-12-18T16:24:29.612+05:30  INFO 96761 --- [           main] w.s.c.ServletWebServerApplicationContext : Root WebApplicationContext: initialization completed in 876 ms
2025-12-18T16:24:29.729+05:30  INFO 96761 --- [           main] o.hibernate.jpa.internal.util.LogHelper  : HHH000204: Processing PersistenceUnitInfo [name: default]
2025-12-18T16:24:29.731+05:30  INFO 96761 --- [           main] o.h.c.internal.RegionFactoryInitiator    : HHH000026: Second-level cache disabled
2025-12-18T16:24:29.738+05:30  INFO 96761 --- [           main] o.s.o.j.p.SpringPersistenceUnitInfo      : No LoadTimeWeaver setup: ignoring JPA class transformer
2025-12-18T16:24:29.740+05:30  INFO 96761 --- [           main] com.zaxxer.hikari.HikariDataSource       : HikariPool-1 - Starting...
2025-12-18T16:24:29.756+05:30  INFO 96761 --- [           main] com.zaxxer.hikari.pool.HikariPool        : HikariPool-1 - Added connection conn14: url=jdbc:h2:mem:book_store_db user=SA
2025-12-18T16:24:29.757+05:30  INFO 96761 --- [           main] com.zaxxer.hikari.HikariDataSource       : HikariPool-1 - Start completed.
2025-12-18T16:24:29.762+05:30  WARN 96761 --- [           main] org.hibernate.orm.deprecation            : HHH90000025: H2Dialect does not need to be specified explicitly using 'hibernate.dialect' (remove the property setting and it will be selected by default)
2025-12-18T16:24:29.771+05:30  INFO 96761 --- [           main] org.hibernate.orm.connections.pooling    : HHH10001005: Database info:
	Database JDBC URL [Connecting through datasource 'HikariDataSource (HikariPool-1)']
	Database driver: undefined/unknown
	Database version: 2.3.232
	Autocommit mode: undefined/unknown
	Isolation level: undefined/unknown
	Minimum pool size: undefined/unknown
	Maximum pool size: undefined/unknown
2025-12-18T16:24:29.853+05:30  INFO 96761 --- [           main] o.h.e.t.j.p.i.JtaPlatformInitiator       : HHH000489: No JTA platform available (set 'hibernate.transaction.jta.platform' to enable JTA platform integration)
2025-12-18T16:24:29.869+05:30  INFO 96761 --- [           main] j.LocalContainerEntityManagerFactoryBean : Initialized JPA EntityManagerFactory for persistence unit 'default'
2025-12-18T16:24:30.104+05:30  WARN 96761 --- [           main] JpaBaseConfiguration$JpaWebConfiguration : spring.jpa.open-in-view is enabled by default. Therefore, database queries may be performed during view rendering. Explicitly configure spring.jpa.open-in-view to disable this warning
2025-12-18T16:24:30.374+05:30  INFO 96761 --- [           main] o.s.b.a.h2.H2ConsoleAutoConfiguration    : H2 console available at '/h2-console'. Database available at 'jdbc:h2:mem:book_store_db'
2025-12-18T16:24:30.612+05:30  INFO 96761 --- [           main] o.s.b.w.embedded.tomcat.TomcatWebServer  : Tomcat started on port 52037 (http) with context path '/'
2025-12-18T16:24:30.617+05:30  INFO 96761 --- [           main] .a.b.c.CustomerControllerIntegrationTest : Started CustomerControllerIntegrationTest in 1.9 seconds (process running for 10.221)
2025-12-18T16:24:30.618+05:30  WARN 96761 --- [           main] o.s.core.events.SpringDocAppInitializer  : SpringDoc /v3/api-docs endpoint is enabled by default. To disable it in production, set the property 'springdoc.api-docs.enabled=false'
2025-12-18T16:24:30.618+05:30  WARN 96761 --- [           main] o.s.core.events.SpringDocAppInitializer  : SpringDoc /swagger-ui.html endpoint is enabled by default. To disable it in production, set the property 'springdoc.swagger-ui.enabled=false'
2025-12-18T16:24:30.756+05:30  INFO 96761 --- [o-auto-1-exec-1] o.a.c.c.C.[Tomcat].[localhost].[/]       : Initializing Spring DispatcherServlet 'dispatcherServlet'
2025-12-18T16:24:30.757+05:30  INFO 96761 --- [o-auto-1-exec-1] o.s.web.servlet.DispatcherServlet        : Initializing Servlet 'dispatcherServlet'
2025-12-18T16:24:30.757+05:30  INFO 96761 --- [o-auto-1-exec-1] o.s.web.servlet.DispatcherServlet        : Completed initialization in 0 ms
2025-12-18T16:24:30.768+05:30  INFO 96761 --- [o-auto-1-exec-1] c.a.bookstore.service.CustomerService    : Creating new customer with email: john.doe@email.com
2025-12-18T16:24:30.798+05:30  INFO 96761 --- [o-auto-1-exec-1] c.a.bookstore.service.CustomerService    : Customer created successfully with ID: 1 and email: john.doe@email.com
]]></system-out>
  </testcase>
</testsuite>